<?xml version="1.0" encoding="UTF-8"?>
<!-- Generated by org.testng.reporters.JUnitReportReporter -->
<testsuite hostname="A1877-PF2C5JHR" failures="0" tests="1" name="com.xalts.tst.assignment_xalts_TestCases.HomePageTest" time="4.047" errors="0" timestamp="2024-11-06T15:37:56 IST" skipped="0">
  <testcase classname="com.xalts.tst.assignment_xalts_TestCases.HomePageTest" name="homePageTest" time="4.047"/>
  <system-out/>
</testsuite> <!-- com.xalts.tst.assignment_xalts_TestCases.HomePageTest -->
