<?xml version="1.0" encoding="UTF-8"?>
<!-- Generated by org.testng.reporters.JUnitReportReporter -->
<testsuite hostname="A1877-PF2C5JHR" failures="0" tests="4" name="com.xalts.tst.assignment_xalts_TestCases.SignUp" time="9.002" errors="0" timestamp="2024-11-06T12:21:59 IST" skipped="0">
  <testcase classname="com.xalts.tst.assignment_xalts_TestCases.SignUp" name="ocn_SignUp" time="1.757"/>
  <system-out/>
  <testcase classname="com.xalts.tst.assignment_xalts_TestCases.SignUp" name="ocn_SignUp" time="0.542"/>
  <system-out/>
  <testcase classname="com.xalts.tst.assignment_xalts_TestCases.SignUp" name="ocn_SignUp" time="5.734"/>
  <system-out/>
  <testcase classname="com.xalts.tst.assignment_xalts_TestCases.SignUp" name="ocn_SignUp" time="0.969"/>
  <system-out/>
</testsuite> <!-- com.xalts.tst.assignment_xalts_TestCases.SignUp -->
